0 silly input []
1 silly flags { _: [ 'bootstrap' ],
1 silly flags   'reject-cycles': false,
1 silly flags   rejectCycles: false,
1 silly flags   args: [] }
2 verbose rootPath /Users/davemccarthy/Repositories/MongoDB/leafygreen-ui
3 info version 2.11.0
4 silly existsSync /Users/davemccarthy/Repositories/MongoDB/leafygreen-ui/VERSION
5 info versioning independent
6 silly initialize attempt
7 silly npmConfig { registry: undefined,
7 silly npmConfig   npmClient: undefined,
7 silly npmConfig   npmClientArgs: undefined,
7 silly npmConfig   mutex: undefined }
8 silly initialize success
9 silly execute attempt
10 info Bootstrapping 2 packages
11 info lifecycle preinstall
12 silly runScript preinstall @leafygreen-ui/Button
13 silly @leafygreen-ui/Button
14 silly runScript preinstall @leafygreen-ui/theme
15 silly @leafygreen-ui/theme
16 verbose hoist enabled for true
17 silly hasDependencyInstalled ROOT @emotion/core ^10.0.0-beta.8
18 silly dependencyIsSatisfied [ '@emotion/core',
18 silly dependencyIsSatisfied   '^10.0.0-beta.8',
18 silly dependencyIsSatisfied   '/Users/davemccarthy/Repositories/MongoDB/leafygreen-ui/node_modules' ]
19 verbose dependencyIsSatisfied @emotion/core true
20 silly hasDependencyInstalled ROOT @storybook/addon-actions ^3.3.15
21 silly dependencyIsSatisfied [ '@storybook/addon-actions',
21 silly dependencyIsSatisfied   '^3.3.15',
21 silly dependencyIsSatisfied   '/Users/davemccarthy/Repositories/MongoDB/leafygreen-ui/node_modules' ]
22 verbose dependencyIsSatisfied @storybook/addon-actions true
23 silly hasDependencyInstalled ROOT @storybook/addon-knobs ^3.3.15
24 silly dependencyIsSatisfied [ '@storybook/addon-knobs',
24 silly dependencyIsSatisfied   '^3.3.15',
24 silly dependencyIsSatisfied   '/Users/davemccarthy/Repositories/MongoDB/leafygreen-ui/node_modules' ]
25 verbose dependencyIsSatisfied @storybook/addon-knobs true
26 silly hasDependencyInstalled ROOT @storybook/addon-links ^3.3.15
27 silly dependencyIsSatisfied [ '@storybook/addon-links',
27 silly dependencyIsSatisfied   '^3.3.15',
27 silly dependencyIsSatisfied   '/Users/davemccarthy/Repositories/MongoDB/leafygreen-ui/node_modules' ]
28 verbose dependencyIsSatisfied @storybook/addon-links true
29 silly hasDependencyInstalled ROOT @storybook/addon-options ^3.3.15
30 silly dependencyIsSatisfied [ '@storybook/addon-options',
30 silly dependencyIsSatisfied   '^3.3.15',
30 silly dependencyIsSatisfied   '/Users/davemccarthy/Repositories/MongoDB/leafygreen-ui/node_modules' ]
31 verbose dependencyIsSatisfied @storybook/addon-options true
32 silly hasDependencyInstalled ROOT @storybook/react ^3.3.15
33 silly dependencyIsSatisfied [ '@storybook/react',
33 silly dependencyIsSatisfied   '^3.3.15',
33 silly dependencyIsSatisfied   '/Users/davemccarthy/Repositories/MongoDB/leafygreen-ui/node_modules' ]
34 verbose dependencyIsSatisfied @storybook/react true
35 silly hasDependencyInstalled ROOT babel-eslint ^8.2.2
36 silly dependencyIsSatisfied [ 'babel-eslint',
36 silly dependencyIsSatisfied   '^8.2.2',
36 silly dependencyIsSatisfied   '/Users/davemccarthy/Repositories/MongoDB/leafygreen-ui/node_modules' ]
37 verbose dependencyIsSatisfied babel-eslint true
38 silly hasDependencyInstalled ROOT babel-plugin-emotion ^9.2.11
39 silly dependencyIsSatisfied [ 'babel-plugin-emotion',
39 silly dependencyIsSatisfied   '^9.2.11',
39 silly dependencyIsSatisfied   '/Users/davemccarthy/Repositories/MongoDB/leafygreen-ui/node_modules' ]
40 verbose dependencyIsSatisfied babel-plugin-emotion true
41 silly hasDependencyInstalled ROOT babel-plugin-syntax-object-rest-spread ^6.13.0
42 silly dependencyIsSatisfied [ 'babel-plugin-syntax-object-rest-spread',
42 silly dependencyIsSatisfied   '^6.13.0',
42 silly dependencyIsSatisfied   '/Users/davemccarthy/Repositories/MongoDB/leafygreen-ui/node_modules' ]
43 verbose dependencyIsSatisfied babel-plugin-syntax-object-rest-spread true
44 silly hasDependencyInstalled ROOT babel-plugin-transform-class-properties ^6.24.1
45 silly dependencyIsSatisfied [ 'babel-plugin-transform-class-properties',
45 silly dependencyIsSatisfied   '^6.24.1',
45 silly dependencyIsSatisfied   '/Users/davemccarthy/Repositories/MongoDB/leafygreen-ui/node_modules' ]
46 verbose dependencyIsSatisfied babel-plugin-transform-class-properties true
47 silly hasDependencyInstalled ROOT babel-plugin-transform-export-extensions ^6.22.0
48 silly dependencyIsSatisfied [ 'babel-plugin-transform-export-extensions',
48 silly dependencyIsSatisfied   '^6.22.0',
48 silly dependencyIsSatisfied   '/Users/davemccarthy/Repositories/MongoDB/leafygreen-ui/node_modules' ]
49 verbose dependencyIsSatisfied babel-plugin-transform-export-extensions true
50 silly hasDependencyInstalled ROOT babel-preset-env ^1.6.1
51 silly dependencyIsSatisfied [ 'babel-preset-env',
51 silly dependencyIsSatisfied   '^1.6.1',
51 silly dependencyIsSatisfied   '/Users/davemccarthy/Repositories/MongoDB/leafygreen-ui/node_modules' ]
52 verbose dependencyIsSatisfied babel-preset-env true
53 silly hasDependencyInstalled ROOT babel-preset-react ^6.24.1
54 silly dependencyIsSatisfied [ 'babel-preset-react',
54 silly dependencyIsSatisfied   '^6.24.1',
54 silly dependencyIsSatisfied   '/Users/davemccarthy/Repositories/MongoDB/leafygreen-ui/node_modules' ]
55 verbose dependencyIsSatisfied babel-preset-react true
56 silly hasDependencyInstalled ROOT babel-register ^6.26.0
57 silly dependencyIsSatisfied [ 'babel-register',
57 silly dependencyIsSatisfied   '^6.26.0',
57 silly dependencyIsSatisfied   '/Users/davemccarthy/Repositories/MongoDB/leafygreen-ui/node_modules' ]
58 verbose dependencyIsSatisfied babel-register true
59 silly hasDependencyInstalled ROOT babel-runtime ^6.26.0
60 silly dependencyIsSatisfied [ 'babel-runtime',
60 silly dependencyIsSatisfied   '^6.26.0',
60 silly dependencyIsSatisfied   '/Users/davemccarthy/Repositories/MongoDB/leafygreen-ui/node_modules' ]
61 verbose dependencyIsSatisfied babel-runtime true
62 silly hasDependencyInstalled ROOT clean-webpack-plugin ^0.1.19
63 silly dependencyIsSatisfied [ 'clean-webpack-plugin',
63 silly dependencyIsSatisfied   '^0.1.19',
63 silly dependencyIsSatisfied   '/Users/davemccarthy/Repositories/MongoDB/leafygreen-ui/node_modules' ]
64 verbose dependencyIsSatisfied clean-webpack-plugin true
65 silly hasDependencyInstalled ROOT cross-env ^5.1.4
66 silly dependencyIsSatisfied [ 'cross-env',
66 silly dependencyIsSatisfied   '^5.1.4',
66 silly dependencyIsSatisfied   '/Users/davemccarthy/Repositories/MongoDB/leafygreen-ui/node_modules' ]
67 verbose dependencyIsSatisfied cross-env true
68 silly hasDependencyInstalled ROOT emotion ^9.2.12
69 silly dependencyIsSatisfied [ 'emotion',
69 silly dependencyIsSatisfied   '^9.2.12',
69 silly dependencyIsSatisfied   '/Users/davemccarthy/Repositories/MongoDB/leafygreen-ui/node_modules' ]
70 verbose dependencyIsSatisfied emotion true
71 silly hasDependencyInstalled ROOT eslint ^4.19.1
72 silly dependencyIsSatisfied [ 'eslint',
72 silly dependencyIsSatisfied   '^4.19.1',
72 silly dependencyIsSatisfied   '/Users/davemccarthy/Repositories/MongoDB/leafygreen-ui/node_modules' ]
73 verbose dependencyIsSatisfied eslint true
74 silly hasDependencyInstalled ROOT eslint-config-airbnb ^15.1.0
75 silly dependencyIsSatisfied [ 'eslint-config-airbnb',
75 silly dependencyIsSatisfied   '^15.1.0',
75 silly dependencyIsSatisfied   '/Users/davemccarthy/Repositories/MongoDB/leafygreen-ui/node_modules' ]
76 verbose dependencyIsSatisfied eslint-config-airbnb true
77 silly hasDependencyInstalled ROOT eslint-config-prettier ^2.9.0
78 silly dependencyIsSatisfied [ 'eslint-config-prettier',
78 silly dependencyIsSatisfied   '^2.9.0',
78 silly dependencyIsSatisfied   '/Users/davemccarthy/Repositories/MongoDB/leafygreen-ui/node_modules' ]
79 verbose dependencyIsSatisfied eslint-config-prettier true
80 silly hasDependencyInstalled ROOT eslint-plugin-import ^2.9.0
81 silly dependencyIsSatisfied [ 'eslint-plugin-import',
81 silly dependencyIsSatisfied   '^2.9.0',
81 silly dependencyIsSatisfied   '/Users/davemccarthy/Repositories/MongoDB/leafygreen-ui/node_modules' ]
82 verbose dependencyIsSatisfied eslint-plugin-import true
83 silly hasDependencyInstalled ROOT eslint-plugin-jsx-a11y ^5.1.1
84 silly dependencyIsSatisfied [ 'eslint-plugin-jsx-a11y',
84 silly dependencyIsSatisfied   '^5.1.1',
84 silly dependencyIsSatisfied   '/Users/davemccarthy/Repositories/MongoDB/leafygreen-ui/node_modules' ]
85 verbose dependencyIsSatisfied eslint-plugin-jsx-a11y true
86 silly hasDependencyInstalled ROOT eslint-plugin-react ^7.7.0
87 silly dependencyIsSatisfied [ 'eslint-plugin-react',
87 silly dependencyIsSatisfied   '^7.7.0',
87 silly dependencyIsSatisfied   '/Users/davemccarthy/Repositories/MongoDB/leafygreen-ui/node_modules' ]
88 verbose dependencyIsSatisfied eslint-plugin-react true
89 silly hasDependencyInstalled ROOT lerna ^3.0.0-beta.21
90 silly dependencyIsSatisfied [ 'lerna',
90 silly dependencyIsSatisfied   '^3.0.0-beta.21',
90 silly dependencyIsSatisfied   '/Users/davemccarthy/Repositories/MongoDB/leafygreen-ui/node_modules' ]
91 verbose dependencyIsSatisfied lerna true
92 silly hasDependencyInstalled ROOT mock-css-modules ^1.0.0
93 silly dependencyIsSatisfied [ 'mock-css-modules',
93 silly dependencyIsSatisfied   '^1.0.0',
93 silly dependencyIsSatisfied   '/Users/davemccarthy/Repositories/MongoDB/leafygreen-ui/node_modules' ]
94 verbose dependencyIsSatisfied mock-css-modules true
95 silly hasDependencyInstalled ROOT npm-run-all ^4.1.2
96 silly dependencyIsSatisfied [ 'npm-run-all',
96 silly dependencyIsSatisfied   '^4.1.2',
96 silly dependencyIsSatisfied   '/Users/davemccarthy/Repositories/MongoDB/leafygreen-ui/node_modules' ]
97 verbose dependencyIsSatisfied npm-run-all true
98 silly hasDependencyInstalled ROOT nyc ^11.6.0
99 silly dependencyIsSatisfied [ 'nyc',
99 silly dependencyIsSatisfied   '^11.6.0',
99 silly dependencyIsSatisfied   '/Users/davemccarthy/Repositories/MongoDB/leafygreen-ui/node_modules' ]
100 verbose dependencyIsSatisfied nyc true
101 silly hasDependencyInstalled ROOT prettier ^1.11.1
102 silly dependencyIsSatisfied [ 'prettier',
102 silly dependencyIsSatisfied   '^1.11.1',
102 silly dependencyIsSatisfied   '/Users/davemccarthy/Repositories/MongoDB/leafygreen-ui/node_modules' ]
103 verbose dependencyIsSatisfied prettier true
104 warn EHOIST_ROOT_VERSION The repository root depends on prop-types@^15.6.1, which differs from the more common prop-types@^15.0.0.
105 silly hasDependencyInstalled ROOT prop-types ^15.6.1
106 silly dependencyIsSatisfied [ 'prop-types',
106 silly dependencyIsSatisfied   '^15.6.1',
106 silly dependencyIsSatisfied   '/Users/davemccarthy/Repositories/MongoDB/leafygreen-ui/node_modules' ]
107 verbose dependencyIsSatisfied prop-types true
108 warn EHOIST_PKG_VERSION "@leafygreen-ui/Button" package depends on prop-types@^15.0.0, which differs from the hoisted prop-types@^15.6.1.
109 silly hasDependencyInstalled @leafygreen-ui/Button prop-types
110 silly dependencyIsSatisfied [ 'prop-types',
110 silly dependencyIsSatisfied   '^15.0.0',
110 silly dependencyIsSatisfied   '/Users/davemccarthy/Repositories/MongoDB/leafygreen-ui/packages/Button/node_modules' ]
111 verbose dependencyIsSatisfied prop-types true
112 silly hasDependencyInstalled ROOT raw-loader ^0.5.1
113 silly dependencyIsSatisfied [ 'raw-loader',
113 silly dependencyIsSatisfied   '^0.5.1',
113 silly dependencyIsSatisfied   '/Users/davemccarthy/Repositories/MongoDB/leafygreen-ui/node_modules' ]
114 verbose dependencyIsSatisfied raw-loader true
115 warn EHOIST_ROOT_VERSION The repository root depends on react@^16.4.1, which differs from the more common react@^0.14.0 || ^15.0.0-0 || ^16.0.0-0.
116 silly hasDependencyInstalled ROOT react ^16.4.1
117 silly dependencyIsSatisfied [ 'react',
117 silly dependencyIsSatisfied   '^16.4.1',
117 silly dependencyIsSatisfied   '/Users/davemccarthy/Repositories/MongoDB/leafygreen-ui/node_modules' ]
118 verbose dependencyIsSatisfied react true
119 warn EHOIST_PKG_VERSION "@leafygreen-ui/Button" package depends on react@^0.14.0 || ^15.0.0-0 || ^16.0.0-0, which differs from the hoisted react@^16.4.1.
120 silly hasDependencyInstalled @leafygreen-ui/Button react
121 silly dependencyIsSatisfied [ 'react',
121 silly dependencyIsSatisfied   '^0.14.0 || ^15.0.0-0 || ^16.0.0-0',
121 silly dependencyIsSatisfied   '/Users/davemccarthy/Repositories/MongoDB/leafygreen-ui/packages/Button/node_modules' ]
122 verbose dependencyIsSatisfied react true
123 silly hasDependencyInstalled ROOT react-addons-test-utils ^15.6.2
124 silly dependencyIsSatisfied [ 'react-addons-test-utils',
124 silly dependencyIsSatisfied   '^15.6.2',
124 silly dependencyIsSatisfied   '/Users/davemccarthy/Repositories/MongoDB/leafygreen-ui/node_modules' ]
125 verbose dependencyIsSatisfied react-addons-test-utils true
126 silly hasDependencyInstalled ROOT react-dom ^16.4.1
127 silly dependencyIsSatisfied [ 'react-dom',
127 silly dependencyIsSatisfied   '^16.4.1',
127 silly dependencyIsSatisfied   '/Users/davemccarthy/Repositories/MongoDB/leafygreen-ui/node_modules' ]
128 verbose dependencyIsSatisfied react-dom true
129 silly hasDependencyInstalled ROOT react-router-dom ^4.3.1
130 silly dependencyIsSatisfied [ 'react-router-dom',
130 silly dependencyIsSatisfied   '^4.3.1',
130 silly dependencyIsSatisfied   '/Users/davemccarthy/Repositories/MongoDB/leafygreen-ui/node_modules' ]
131 verbose dependencyIsSatisfied react-router-dom true
132 silly hasDependencyInstalled ROOT react-storybook-addon-chapters ^2.1.3
133 silly dependencyIsSatisfied [ 'react-storybook-addon-chapters',
133 silly dependencyIsSatisfied   '^2.1.3',
133 silly dependencyIsSatisfied   '/Users/davemccarthy/Repositories/MongoDB/leafygreen-ui/node_modules' ]
134 verbose dependencyIsSatisfied react-storybook-addon-chapters true
135 silly hasDependencyInstalled ROOT react-test-renderer ^16.2.0
136 silly dependencyIsSatisfied [ 'react-test-renderer',
136 silly dependencyIsSatisfied   '^16.2.0',
136 silly dependencyIsSatisfied   '/Users/davemccarthy/Repositories/MongoDB/leafygreen-ui/node_modules' ]
137 verbose dependencyIsSatisfied react-test-renderer true
138 silly hasDependencyInstalled ROOT storybook-readme ^3.3.0
139 silly dependencyIsSatisfied [ 'storybook-readme',
139 silly dependencyIsSatisfied   '^3.3.0',
139 silly dependencyIsSatisfied   '/Users/davemccarthy/Repositories/MongoDB/leafygreen-ui/node_modules' ]
140 verbose dependencyIsSatisfied storybook-readme true
141 silly hasDependencyInstalled ROOT url-loader ^1.0.1
142 silly dependencyIsSatisfied [ 'url-loader',
142 silly dependencyIsSatisfied   '^1.0.1',
142 silly dependencyIsSatisfied   '/Users/davemccarthy/Repositories/MongoDB/leafygreen-ui/node_modules' ]
143 verbose dependencyIsSatisfied url-loader true
144 silly hasDependencyInstalled ROOT webpack-merge ^4.1.2
145 silly dependencyIsSatisfied [ 'webpack-merge',
145 silly dependencyIsSatisfied   '^4.1.2',
145 silly dependencyIsSatisfied   '/Users/davemccarthy/Repositories/MongoDB/leafygreen-ui/node_modules' ]
146 verbose dependencyIsSatisfied webpack-merge true
147 silly hasDependencyInstalled ROOT webpack-node-externals ^1.6.0
148 silly dependencyIsSatisfied [ 'webpack-node-externals',
148 silly dependencyIsSatisfied   '^1.6.0',
148 silly dependencyIsSatisfied   '/Users/davemccarthy/Repositories/MongoDB/leafygreen-ui/node_modules' ]
149 verbose dependencyIsSatisfied webpack-node-externals true
150 silly hasDependencyInstalled ROOT react-emotion ^9.2.12
151 silly dependencyIsSatisfied [ 'react-emotion',
151 silly dependencyIsSatisfied   '^9.2.12',
151 silly dependencyIsSatisfied   '/Users/davemccarthy/Repositories/MongoDB/leafygreen-ui/node_modules' ]
152 verbose dependencyIsSatisfied react-emotion true
153 silly hasDependencyInstalled ROOT classnames ^2.2.5
154 silly dependencyIsSatisfied [ 'classnames',
154 silly dependencyIsSatisfied   '^2.2.5',
154 silly dependencyIsSatisfied   '/Users/davemccarthy/Repositories/MongoDB/leafygreen-ui/node_modules' ]
155 verbose dependencyIsSatisfied classnames true
156 silly hasDependencyInstalled ROOT @leafygreen-ui/base 0.1.0
157 silly dependencyIsSatisfied [ '@leafygreen-ui/base',
157 silly dependencyIsSatisfied   '0.1.0',
157 silly dependencyIsSatisfied   '/Users/davemccarthy/Repositories/MongoDB/leafygreen-ui/node_modules' ]
158 verbose dependencyIsSatisfied @leafygreen-ui/base false
159 silly root dependencies [
159 silly root dependencies   {
159 silly root dependencies     "name": "@emotion/core",
159 silly root dependencies     "dependents": [],
159 silly root dependencies     "dependency": "@emotion/core@^10.0.0-beta.8",
159 silly root dependencies     "isSatisfied": true
159 silly root dependencies   },
159 silly root dependencies   {
159 silly root dependencies     "name": "@storybook/addon-actions",
159 silly root dependencies     "dependents": [],
159 silly root dependencies     "dependency": "@storybook/addon-actions@^3.3.15",
159 silly root dependencies     "isSatisfied": true
159 silly root dependencies   },
159 silly root dependencies   {
159 silly root dependencies     "name": "@storybook/addon-knobs",
159 silly root dependencies     "dependents": [],
159 silly root dependencies     "dependency": "@storybook/addon-knobs@^3.3.15",
159 silly root dependencies     "isSatisfied": true
159 silly root dependencies   },
159 silly root dependencies   {
159 silly root dependencies     "name": "@storybook/addon-links",
159 silly root dependencies     "dependents": [],
159 silly root dependencies     "dependency": "@storybook/addon-links@^3.3.15",
159 silly root dependencies     "isSatisfied": true
159 silly root dependencies   },
159 silly root dependencies   {
159 silly root dependencies     "name": "@storybook/addon-options",
159 silly root dependencies     "dependents": [],
159 silly root dependencies     "dependency": "@storybook/addon-options@^3.3.15",
159 silly root dependencies     "isSatisfied": true
159 silly root dependencies   },
159 silly root dependencies   {
159 silly root dependencies     "name": "@storybook/react",
159 silly root dependencies     "dependents": [],
159 silly root dependencies     "dependency": "@storybook/react@^3.3.15",
159 silly root dependencies     "isSatisfied": true
159 silly root dependencies   },
159 silly root dependencies   {
159 silly root dependencies     "name": "babel-eslint",
159 silly root dependencies     "dependents": [],
159 silly root dependencies     "dependency": "babel-eslint@^8.2.2",
159 silly root dependencies     "isSatisfied": true
159 silly root dependencies   },
159 silly root dependencies   {
159 silly root dependencies     "name": "babel-plugin-emotion",
159 silly root dependencies     "dependents": [],
159 silly root dependencies     "dependency": "babel-plugin-emotion@^9.2.11",
159 silly root dependencies     "isSatisfied": true
159 silly root dependencies   },
159 silly root dependencies   {
159 silly root dependencies     "name": "babel-plugin-syntax-object-rest-spread",
159 silly root dependencies     "dependents": [],
159 silly root dependencies     "dependency": "babel-plugin-syntax-object-rest-spread@^6.13.0",
159 silly root dependencies     "isSatisfied": true
159 silly root dependencies   },
159 silly root dependencies   {
159 silly root dependencies     "name": "babel-plugin-transform-class-properties",
159 silly root dependencies     "dependents": [],
159 silly root dependencies     "dependency": "babel-plugin-transform-class-properties@^6.24.1",
159 silly root dependencies     "isSatisfied": true
159 silly root dependencies   },
159 silly root dependencies   {
159 silly root dependencies     "name": "babel-plugin-transform-export-extensions",
159 silly root dependencies     "dependents": [],
159 silly root dependencies     "dependency": "babel-plugin-transform-export-extensions@^6.22.0",
159 silly root dependencies     "isSatisfied": true
159 silly root dependencies   },
159 silly root dependencies   {
159 silly root dependencies     "name": "babel-preset-env",
159 silly root dependencies     "dependents": [],
159 silly root dependencies     "dependency": "babel-preset-env@^1.6.1",
159 silly root dependencies     "isSatisfied": true
159 silly root dependencies   },
159 silly root dependencies   {
159 silly root dependencies     "name": "babel-preset-react",
159 silly root dependencies     "dependents": [],
159 silly root dependencies     "dependency": "babel-preset-react@^6.24.1",
159 silly root dependencies     "isSatisfied": true
159 silly root dependencies   },
159 silly root dependencies   {
159 silly root dependencies     "name": "babel-register",
159 silly root dependencies     "dependents": [],
159 silly root dependencies     "dependency": "babel-register@^6.26.0",
159 silly root dependencies     "isSatisfied": true
159 silly root dependencies   },
159 silly root dependencies   {
159 silly root dependencies     "name": "babel-runtime",
159 silly root dependencies     "dependents": [],
159 silly root dependencies     "dependency": "babel-runtime@^6.26.0",
159 silly root dependencies     "isSatisfied": true
159 silly root dependencies   },
159 silly root dependencies   {
159 silly root dependencies     "name": "clean-webpack-plugin",
159 silly root dependencies     "dependents": [],
159 silly root dependencies     "dependency": "clean-webpack-plugin@^0.1.19",
159 silly root dependencies     "isSatisfied": true
159 silly root dependencies   },
159 silly root dependencies   {
159 silly root dependencies     "name": "cross-env",
159 silly root dependencies     "dependents": [],
159 silly root dependencies     "dependency": "cross-env@^5.1.4",
159 silly root dependencies     "isSatisfied": true
159 silly root dependencies   },
159 silly root dependencies   {
159 silly root dependencies     "name": "emotion",
159 silly root dependencies     "dependents": [],
159 silly root dependencies     "dependency": "emotion@^9.2.12",
159 silly root dependencies     "isSatisfied": true
159 silly root dependencies   },
159 silly root dependencies   {
159 silly root dependencies     "name": "eslint",
159 silly root dependencies     "dependents": [],
159 silly root dependencies     "dependency": "eslint@^4.19.1",
159 silly root dependencies     "isSatisfied": true
159 silly root dependencies   },
159 silly root dependencies   {
159 silly root dependencies     "name": "eslint-config-airbnb",
159 silly root dependencies     "dependents": [],
159 silly root dependencies     "dependency": "eslint-config-airbnb@^15.1.0",
159 silly root dependencies     "isSatisfied": true
159 silly root dependencies   },
159 silly root dependencies   {
159 silly root dependencies     "name": "eslint-config-prettier",
159 silly root dependencies     "dependents": [],
159 silly root dependencies     "dependency": "eslint-config-prettier@^2.9.0",
159 silly root dependencies     "isSatisfied": true
159 silly root dependencies   },
159 silly root dependencies   {
159 silly root dependencies     "name": "eslint-plugin-import",
159 silly root dependencies     "dependents": [],
159 silly root dependencies     "dependency": "eslint-plugin-import@^2.9.0",
159 silly root dependencies     "isSatisfied": true
159 silly root dependencies   },
159 silly root dependencies   {
159 silly root dependencies     "name": "eslint-plugin-jsx-a11y",
159 silly root dependencies     "dependents": [],
159 silly root dependencies     "dependency": "eslint-plugin-jsx-a11y@^5.1.1",
159 silly root dependencies     "isSatisfied": true
159 silly root dependencies   },
159 silly root dependencies   {
159 silly root dependencies     "name": "eslint-plugin-react",
159 silly root dependencies     "dependents": [],
159 silly root dependencies     "dependency": "eslint-plugin-react@^7.7.0",
159 silly root dependencies     "isSatisfied": true
159 silly root dependencies   },
159 silly root dependencies   {
159 silly root dependencies     "name": "lerna",
159 silly root dependencies     "dependents": [],
159 silly root dependencies     "dependency": "lerna@^3.0.0-beta.21",
159 silly root dependencies     "isSatisfied": true
159 silly root dependencies   },
159 silly root dependencies   {
159 silly root dependencies     "name": "mock-css-modules",
159 silly root dependencies     "dependents": [],
159 silly root dependencies     "dependency": "mock-css-modules@^1.0.0",
159 silly root dependencies     "isSatisfied": true
159 silly root dependencies   },
159 silly root dependencies   {
159 silly root dependencies     "name": "npm-run-all",
159 silly root dependencies     "dependents": [],
159 silly root dependencies     "dependency": "npm-run-all@^4.1.2",
159 silly root dependencies     "isSatisfied": true
159 silly root dependencies   },
159 silly root dependencies   {
159 silly root dependencies     "name": "nyc",
159 silly root dependencies     "dependents": [],
159 silly root dependencies     "dependency": "nyc@^11.6.0",
159 silly root dependencies     "isSatisfied": true
159 silly root dependencies   },
159 silly root dependencies   {
159 silly root dependencies     "name": "prettier",
159 silly root dependencies     "dependents": [],
159 silly root dependencies     "dependency": "prettier@^1.11.1",
159 silly root dependencies     "isSatisfied": true
159 silly root dependencies   },
159 silly root dependencies   {
159 silly root dependencies     "name": "prop-types",
159 silly root dependencies     "dependents": [],
159 silly root dependencies     "dependency": "prop-types@^15.6.1",
159 silly root dependencies     "isSatisfied": true
159 silly root dependencies   },
159 silly root dependencies   {
159 silly root dependencies     "name": "raw-loader",
159 silly root dependencies     "dependents": [],
159 silly root dependencies     "dependency": "raw-loader@^0.5.1",
159 silly root dependencies     "isSatisfied": true
159 silly root dependencies   },
159 silly root dependencies   {
159 silly root dependencies     "name": "react",
159 silly root dependencies     "dependents": [],
159 silly root dependencies     "dependency": "react@^16.4.1",
159 silly root dependencies     "isSatisfied": true
159 silly root dependencies   },
159 silly root dependencies   {
159 silly root dependencies     "name": "react-addons-test-utils",
159 silly root dependencies     "dependents": [],
159 silly root dependencies     "dependency": "react-addons-test-utils@^15.6.2",
159 silly root dependencies     "isSatisfied": true
159 silly root dependencies   },
159 silly root dependencies   {
159 silly root dependencies     "name": "react-dom",
159 silly root dependencies     "dependents": [],
159 silly root dependencies     "dependency": "react-dom@^16.4.1",
159 silly root dependencies     "isSatisfied": true
159 silly root dependencies   },
159 silly root dependencies   {
159 silly root dependencies     "name": "react-router-dom",
159 silly root dependencies     "dependents": [],
159 silly root dependencies     "dependency": "react-router-dom@^4.3.1",
159 silly root dependencies     "isSatisfied": true
159 silly root dependencies   },
159 silly root dependencies   {
159 silly root dependencies     "name": "react-storybook-addon-chapters",
159 silly root dependencies     "dependents": [],
159 silly root dependencies     "dependency": "react-storybook-addon-chapters@^2.1.3",
159 silly root dependencies     "isSatisfied": true
159 silly root dependencies   },
159 silly root dependencies   {
159 silly root dependencies     "name": "react-test-renderer",
159 silly root dependencies     "dependents": [],
159 silly root dependencies     "dependency": "react-test-renderer@^16.2.0",
159 silly root dependencies     "isSatisfied": true
159 silly root dependencies   },
159 silly root dependencies   {
159 silly root dependencies     "name": "storybook-readme",
159 silly root dependencies     "dependents": [],
159 silly root dependencies     "dependency": "storybook-readme@^3.3.0",
159 silly root dependencies     "isSatisfied": true
159 silly root dependencies   },
159 silly root dependencies   {
159 silly root dependencies     "name": "url-loader",
159 silly root dependencies     "dependents": [],
159 silly root dependencies     "dependency": "url-loader@^1.0.1",
159 silly root dependencies     "isSatisfied": true
159 silly root dependencies   },
159 silly root dependencies   {
159 silly root dependencies     "name": "webpack-merge",
159 silly root dependencies     "dependents": [],
159 silly root dependencies     "dependency": "webpack-merge@^4.1.2",
159 silly root dependencies     "isSatisfied": true
159 silly root dependencies   },
159 silly root dependencies   {
159 silly root dependencies     "name": "webpack-node-externals",
159 silly root dependencies     "dependents": [],
159 silly root dependencies     "dependency": "webpack-node-externals@^1.6.0",
159 silly root dependencies     "isSatisfied": true
159 silly root dependencies   },
159 silly root dependencies   {
159 silly root dependencies     "name": "react-emotion",
159 silly root dependencies     "dependents": [],
159 silly root dependencies     "dependency": "react-emotion@^9.2.12",
159 silly root dependencies     "isSatisfied": true
159 silly root dependencies   },
159 silly root dependencies   {
159 silly root dependencies     "name": "classnames",
159 silly root dependencies     "dependents": [
159 silly root dependencies       {
159 silly root dependencies         "name": "@leafygreen-ui/Button",
159 silly root dependencies         "version": "0.1.0",
159 silly root dependencies         "description": "MongoDB UI-Kit Button",
159 silly root dependencies         "files": [
159 silly root dependencies           "./dist/**.*"
159 silly root dependencies         ],
159 silly root dependencies         "main": "./src/index.js",
159 silly root dependencies         "browser": "./dist/index.js",
159 silly root dependencies         "scripts": {
159 silly root dependencies           "build": "../../node_modules/.bin/webpack --config ../../scripts/webpack-config.js"
159 silly root dependencies         },
159 silly root dependencies         "keywords": [],
159 silly root dependencies         "license": "Apache-2.0",
159 silly root dependencies         "publishConfig": {
159 silly root dependencies           "access": "public"
159 silly root dependencies         },
159 silly root dependencies         "dependencies": {
159 silly root dependencies           "classnames": "^2.2.5",
159 silly root dependencies           "prop-types": "^15.0.0",
159 silly root dependencies           "react": "^0.14.0 || ^15.0.0-0 || ^16.0.0-0",
159 silly root dependencies           "@leafygreen-ui/base": "0.1.0"
159 silly root dependencies         }
159 silly root dependencies       }
159 silly root dependencies     ],
159 silly root dependencies     "dependency": "classnames@^2.2.5",
159 silly root dependencies     "isSatisfied": true
159 silly root dependencies   },
159 silly root dependencies   {
159 silly root dependencies     "name": "@leafygreen-ui/base",
159 silly root dependencies     "dependents": [
159 silly root dependencies       {
159 silly root dependencies         "name": "@leafygreen-ui/Button",
159 silly root dependencies         "version": "0.1.0",
159 silly root dependencies         "description": "MongoDB UI-Kit Button",
159 silly root dependencies         "files": [
159 silly root dependencies           "./dist/**.*"
159 silly root dependencies         ],
159 silly root dependencies         "main": "./src/index.js",
159 silly root dependencies         "browser": "./dist/index.js",
159 silly root dependencies         "scripts": {
159 silly root dependencies           "build": "../../node_modules/.bin/webpack --config ../../scripts/webpack-config.js"
159 silly root dependencies         },
159 silly root dependencies         "keywords": [],
159 silly root dependencies         "license": "Apache-2.0",
159 silly root dependencies         "publishConfig": {
159 silly root dependencies           "access": "public"
159 silly root dependencies         },
159 silly root dependencies         "dependencies": {
159 silly root dependencies           "classnames": "^2.2.5",
159 silly root dependencies           "prop-types": "^15.0.0",
159 silly root dependencies           "react": "^0.14.0 || ^15.0.0-0 || ^16.0.0-0",
159 silly root dependencies           "@leafygreen-ui/base": "0.1.0"
159 silly root dependencies         }
159 silly root dependencies       }
159 silly root dependencies     ],
159 silly root dependencies     "dependency": "@leafygreen-ui/base@0.1.0",
159 silly root dependencies     "isSatisfied": false
159 silly root dependencies   }
159 silly root dependencies ]
160 silly leaf dependencies {
160 silly leaf dependencies   "@leafygreen-ui/Button": [
160 silly leaf dependencies     {
160 silly leaf dependencies       "dependency": "prop-types@^15.0.0",
160 silly leaf dependencies       "isSatisfied": true
160 silly leaf dependencies     },
160 silly leaf dependencies     {
160 silly leaf dependencies       "dependency": "react@^0.14.0 || ^15.0.0-0 || ^16.0.0-0",
160 silly leaf dependencies       "isSatisfied": true
160 silly leaf dependencies     }
160 silly leaf dependencies   ]
160 silly leaf dependencies }
161 info Installing external dependencies
162 verbose actions 2 actions, concurrency 4
163 info hoist Installing hoisted dependencies into root
164 silly installInDir leafygreen-ui [ '@emotion/core@^10.0.0-beta.8',
164 silly installInDir   '@storybook/addon-actions@^3.3.15',
164 silly installInDir   '@storybook/addon-knobs@^3.3.15',
164 silly installInDir   '@storybook/addon-links@^3.3.15',
164 silly installInDir   '@storybook/addon-options@^3.3.15',
164 silly installInDir   '@storybook/react@^3.3.15',
164 silly installInDir   'babel-eslint@^8.2.2',
164 silly installInDir   'babel-plugin-emotion@^9.2.11',
164 silly installInDir   'babel-plugin-syntax-object-rest-spread@^6.13.0',
164 silly installInDir   'babel-plugin-transform-class-properties@^6.24.1',
164 silly installInDir   'babel-plugin-transform-export-extensions@^6.22.0',
164 silly installInDir   'babel-preset-env@^1.6.1',
164 silly installInDir   'babel-preset-react@^6.24.1',
164 silly installInDir   'babel-register@^6.26.0',
164 silly installInDir   'babel-runtime@^6.26.0',
164 silly installInDir   'clean-webpack-plugin@^0.1.19',
164 silly installInDir   'cross-env@^5.1.4',
164 silly installInDir   'emotion@^9.2.12',
164 silly installInDir   'eslint@^4.19.1',
164 silly installInDir   'eslint-config-airbnb@^15.1.0',
164 silly installInDir   'eslint-config-prettier@^2.9.0',
164 silly installInDir   'eslint-plugin-import@^2.9.0',
164 silly installInDir   'eslint-plugin-jsx-a11y@^5.1.1',
164 silly installInDir   'eslint-plugin-react@^7.7.0',
164 silly installInDir   'lerna@^3.0.0-beta.21',
164 silly installInDir   'mock-css-modules@^1.0.0',
164 silly installInDir   'npm-run-all@^4.1.2',
164 silly installInDir   'nyc@^11.6.0',
164 silly installInDir   'prettier@^1.11.1',
164 silly installInDir   'prop-types@^15.6.1',
164 silly installInDir   'raw-loader@^0.5.1',
164 silly installInDir   'react@^16.4.1',
164 silly installInDir   'react-addons-test-utils@^15.6.2',
164 silly installInDir   'react-dom@^16.4.1',
164 silly installInDir   'react-router-dom@^4.3.1',
164 silly installInDir   'react-storybook-addon-chapters@^2.1.3',
164 silly installInDir   'react-test-renderer@^16.2.0',
164 silly installInDir   'storybook-readme@^3.3.0',
164 silly installInDir   'url-loader@^1.0.1',
164 silly installInDir   'webpack-merge@^4.1.2',
164 silly installInDir   'webpack-node-externals@^1.6.0',
164 silly installInDir   'react-emotion@^9.2.12',
164 silly installInDir   'classnames@^2.2.5',
164 silly installInDir   '@leafygreen-ui/base@0.1.0' ]
165 silly installInDir backup /Users/davemccarthy/Repositories/MongoDB/leafygreen-ui/package.json
166 silly rename [ '/Users/davemccarthy/Repositories/MongoDB/leafygreen-ui/package.json',
166 silly rename   '/Users/davemccarthy/Repositories/MongoDB/leafygreen-ui/package.json.lerna_backup' ]
167 info hoist Pruning hoisted dependencies
168 silly prune [ '/Users/davemccarthy/Repositories/MongoDB/leafygreen-ui/packages/Button/node_modules/classnames',
168 silly prune   '/Users/davemccarthy/Repositories/MongoDB/leafygreen-ui/packages/Button/node_modules/@leafygreen-ui/base' ]
169 silly rimraf /Users/davemccarthy/Repositories/MongoDB/leafygreen-ui/packages/Button/node_modules/classnames
170 silly installInDir writing tempJson { dependencies:
170 silly installInDir    { '@emotion/core': '^10.0.0-beta.8',
170 silly installInDir      '@storybook/addon-actions': '^3.3.15',
170 silly installInDir      '@storybook/addon-knobs': '^3.3.15',
170 silly installInDir      '@storybook/addon-links': '^3.3.15',
170 silly installInDir      '@storybook/addon-options': '^3.3.15',
170 silly installInDir      '@storybook/react': '^3.3.15',
170 silly installInDir      'babel-eslint': '^8.2.2',
170 silly installInDir      'babel-plugin-emotion': '^9.2.11',
170 silly installInDir      'babel-plugin-syntax-object-rest-spread': '^6.13.0',
170 silly installInDir      'babel-plugin-transform-class-properties': '^6.24.1',
170 silly installInDir      'babel-plugin-transform-export-extensions': '^6.22.0',
170 silly installInDir      'babel-preset-env': '^1.6.1',
170 silly installInDir      'babel-preset-react': '^6.24.1',
170 silly installInDir      'babel-register': '^6.26.0',
170 silly installInDir      'babel-runtime': '^6.26.0',
170 silly installInDir      'clean-webpack-plugin': '^0.1.19',
170 silly installInDir      'cross-env': '^5.1.4',
170 silly installInDir      emotion: '^9.2.12',
170 silly installInDir      eslint: '^4.19.1',
170 silly installInDir      'eslint-config-airbnb': '^15.1.0',
170 silly installInDir      'eslint-config-prettier': '^2.9.0',
170 silly installInDir      'eslint-plugin-import': '^2.9.0',
170 silly installInDir      'eslint-plugin-jsx-a11y': '^5.1.1',
170 silly installInDir      'eslint-plugin-react': '^7.7.0',
170 silly installInDir      lerna: '^3.0.0-beta.21',
170 silly installInDir      'mock-css-modules': '^1.0.0',
170 silly installInDir      'npm-run-all': '^4.1.2',
170 silly installInDir      nyc: '^11.6.0',
170 silly installInDir      prettier: '^1.11.1',
170 silly installInDir      'prop-types': '^15.6.1',
170 silly installInDir      'raw-loader': '^0.5.1',
170 silly installInDir      react: '^16.4.1',
170 silly installInDir      'react-addons-test-utils': '^15.6.2',
170 silly installInDir      'react-dom': '^16.4.1',
170 silly installInDir      'react-router-dom': '^4.3.1',
170 silly installInDir      'react-storybook-addon-chapters': '^2.1.3',
170 silly installInDir      'react-test-renderer': '^16.2.0',
170 silly installInDir      'storybook-readme': '^3.3.0',
170 silly installInDir      'url-loader': '^1.0.1',
170 silly installInDir      'webpack-merge': '^4.1.2',
170 silly installInDir      'webpack-node-externals': '^1.6.0',
170 silly installInDir      'react-emotion': '^9.2.12',
170 silly installInDir      classnames: '^2.2.5',
170 silly installInDir      '@leafygreen-ui/base': '0.1.0' } }
171 verbose prune /Users/davemccarthy/Repositories/MongoDB/leafygreen-ui/packages/Button/node_modules/classnames
172 silly rimraf /Users/davemccarthy/Repositories/MongoDB/leafygreen-ui/packages/Button/node_modules/@leafygreen-ui/base
173 verbose prune /Users/davemccarthy/Repositories/MongoDB/leafygreen-ui/packages/Button/node_modules/@leafygreen-ui/base
174 info hoist Finished pruning hoisted dependencies
175 silly getExecOpts { cwd: '/Users/davemccarthy/Repositories/MongoDB/leafygreen-ui' }
176 silly installInDir [ 'npm', [ 'install' ] ]
177 silly installInDir cleanup /Users/davemccarthy/Repositories/MongoDB/leafygreen-ui/package.json
178 silly renameSync [ '/Users/davemccarthy/Repositories/MongoDB/leafygreen-ui/package.json.lerna_backup',
178 silly renameSync   '/Users/davemccarthy/Repositories/MongoDB/leafygreen-ui/package.json' ]
179 error execute callback with error
180 error Error: Command failed: npm install
180 error npm ERR! code E404
180 error npm ERR! 404 Not Found: @leafygreen-ui/base@0.1.0
180 error
180 error npm ERR! A complete log of this run can be found in:
180 error npm ERR!     /Users/davemccarthy/.npm/_logs/2018-11-13T00_50_04_396Z-debug.log
180 error
180 error     at Promise.all.then.arr (/usr/local/lib/node_modules/lerna/node_modules/execa/index.js:236:11)
180 error     at <anonymous>
